  Building Custom Rule C:/Users/emi_s_000/OneDrive/Documentos/Graficacion/Libs/GLFW/src/CMakeLists.txt
  CMake does not need to re-run because C:/Users/emi_s_000/OneDrive/Documentos/Graficacion/Libs/GLFW/src/CMakeFiles/generate.stamp is up-to-date.
  context.c
  init.c
  input.c
  monitor.c
  vulkan.c
  window.c
  win32_init.c
  win32_joystick.c
  win32_monitor.c
  win32_time.c
  win32_tls.c
  win32_window.c
  wgl_context.c
  egl_context.c
  Generando código...
     Creando biblioteca C:/Users/emi_s_000/OneDrive/Documentos/Graficacion/Libs/GLFW/src/Debug/glfw3dll.lib y objeto C:/Users/emi_s_000/OneDrive/Documentos/Graficacion/Libs/GLFW/src/Debug/glfw3dll.exp
  glfw.vcxproj -> C:\Users\emi_s_000\OneDrive\Documentos\Graficacion\Libs\GLFW\src\Debug\glfw3.dll
  glfw.vcxproj -> C:/Users/emi_s_000/OneDrive/Documentos/Graficacion/Libs/GLFW/src/Debug/glfw3.pdb (Full PDB)
